<?xml version="1.0" encoding="UTF-8"?>
<!-- Generated by org.testng.reporters.JUnitReportReporter -->
<testsuite skipped="2" hostname="ubuntu2" name="Test.TestScripts" tests="3" failures="0" timestamp="15 Nov 2018 09:29:22 GMT" time="60.824" errors="0">
  <testcase name="LoginUsingOTP" time="60.824" classname="Test.TestScripts"/>
  <testcase name="LoginUsingPassword" classname="Test.TestScripts">
    <skipped/>
  </testcase> <!-- LoginUsingPassword -->
  <testcase name="Register" classname="Test.TestScripts">
    <skipped/>
  </testcase> <!-- Register -->
</testsuite> <!-- Test.TestScripts -->
